c:\users\cho-b\desktop\csgo-cheat-pasted-by-chozen-master\intermediates\vc142.pdb
c:\users\cho-b\desktop\csgo-cheat-pasted-by-chozen-master\intermediates\triggerbot.obj
c:\users\cho-b\desktop\csgo-cheat-pasted-by-chozen-master\intermediates\nade_pred.obj
c:\users\cho-b\desktop\csgo-cheat-pasted-by-chozen-master\intermediates\misc.obj
c:\users\cho-b\desktop\csgo-cheat-pasted-by-chozen-master\intermediates\hitmarker.obj
c:\users\cho-b\desktop\csgo-cheat-pasted-by-chozen-master\intermediates\events.obj
c:\users\cho-b\desktop\csgo-cheat-pasted-by-chozen-master\intermediates\engine_prediction.obj
c:\users\cho-b\desktop\csgo-cheat-pasted-by-chozen-master\intermediates\glow.obj
c:\users\cho-b\desktop\csgo-cheat-pasted-by-chozen-master\intermediates\esp_world.obj
c:\users\cho-b\desktop\csgo-cheat-pasted-by-chozen-master\intermediates\esp_sound.obj
c:\users\cho-b\desktop\csgo-cheat-pasted-by-chozen-master\intermediates\esp_player.obj
c:\users\cho-b\desktop\csgo-cheat-pasted-by-chozen-master\intermediates\night_mode.obj
c:\users\cho-b\desktop\csgo-cheat-pasted-by-chozen-master\intermediates\ambient_light.obj
c:\users\cho-b\desktop\csgo-cheat-pasted-by-chozen-master\intermediates\esp_bomb.obj
c:\users\cho-b\desktop\csgo-cheat-pasted-by-chozen-master\intermediates\dlight.obj
c:\users\cho-b\desktop\csgo-cheat-pasted-by-chozen-master\intermediates\skins.obj
c:\users\cho-b\desktop\csgo-cheat-pasted-by-chozen-master\intermediates\parser.obj
c:\users\cho-b\desktop\csgo-cheat-pasted-by-chozen-master\intermediates\knife_proxy.obj
c:\users\cho-b\desktop\csgo-cheat-pasted-by-chozen-master\intermediates\chams dme.obj
c:\users\cho-b\desktop\csgo-cheat-pasted-by-chozen-master\intermediates\backtrack.obj
c:\users\cho-b\desktop\csgo-cheat-pasted-by-chozen-master\intermediates\aimbot.obj
c:\users\cho-b\desktop\csgo-cheat-pasted-by-chozen-master\intermediates\view_matrix.obj
c:\users\cho-b\desktop\csgo-cheat-pasted-by-chozen-master\intermediates\vector3d.obj
c:\users\cho-b\desktop\csgo-cheat-pasted-by-chozen-master\intermediates\main.obj
c:\users\cho-b\desktop\csgo-cheat-pasted-by-chozen-master\intermediates\utilities.obj
c:\users\cho-b\desktop\csgo-cheat-pasted-by-chozen-master\intermediates\renderer.obj
c:\users\cho-b\desktop\csgo-cheat-pasted-by-chozen-master\intermediates\netvars.obj
c:\users\cho-b\desktop\csgo-cheat-pasted-by-chozen-master\intermediates\csgo.obj
c:\users\cho-b\desktop\csgo-cheat-pasted-by-chozen-master\intermediates\console.obj
c:\users\cho-b\desktop\csgo-cheat-pasted-by-chozen-master\intermediates\math.obj
c:\users\cho-b\desktop\csgo-cheat-pasted-by-chozen-master\intermediates\interfaces.obj
c:\users\cho-b\desktop\csgo-cheat-pasted-by-chozen-master\intermediates\menu.obj
c:\users\cho-b\desktop\csgo-cheat-pasted-by-chozen-master\intermediates\imgui_draw.obj
c:\users\cho-b\desktop\csgo-cheat-pasted-by-chozen-master\intermediates\imgui.obj
c:\users\cho-b\desktop\csgo-cheat-pasted-by-chozen-master\intermediates\imgui_impl_dx9.obj
c:\users\cho-b\desktop\csgo-cheat-pasted-by-chozen-master\intermediates\config.obj
c:\users\cho-b\desktop\csgo-cheat-pasted-by-chozen-master\intermediates\hooks.obj
c:\users\cho-b\desktop\csgo-cheat-pasted-by-chozen-master\intermediates\trampoline.obj
c:\users\cho-b\desktop\csgo-cheat-pasted-by-chozen-master\intermediates\hook.obj
c:\users\cho-b\desktop\csgo-cheat-pasted-by-chozen-master\intermediates\hde64.obj
c:\users\cho-b\desktop\csgo-cheat-pasted-by-chozen-master\intermediates\hde32.obj
c:\users\cho-b\desktop\csgo-cheat-pasted-by-chozen-master\intermediates\buffer.obj
c:\users\cho-b\desktop\csgo-cheat-pasted-by-chozen-master\output\debug\cheat.dll
c:\users\cho-b\desktop\csgo-cheat-pasted-by-chozen-master\output\debug\cheat.pdb
c:\users\cho-b\desktop\csgo-cheat-pasted-by-chozen-master\.\output\debug\cheat.dll
c:\users\cho-b\desktop\csgo-cheat-pasted-by-chozen-master\intermediates\csgo-cheat.tlog\cl.command.1.tlog
c:\users\cho-b\desktop\csgo-cheat-pasted-by-chozen-master\intermediates\csgo-cheat.tlog\cl.read.1.tlog
c:\users\cho-b\desktop\csgo-cheat-pasted-by-chozen-master\intermediates\csgo-cheat.tlog\cl.write.1.tlog
c:\users\cho-b\desktop\csgo-cheat-pasted-by-chozen-master\intermediates\csgo-cheat.tlog\link.command.1.tlog
c:\users\cho-b\desktop\csgo-cheat-pasted-by-chozen-master\intermediates\csgo-cheat.tlog\link.read.1.tlog
c:\users\cho-b\desktop\csgo-cheat-pasted-by-chozen-master\intermediates\csgo-cheat.tlog\link.write.1.tlog
