  aimbot.cpp
  backtrack.cpp
  chams dme.cpp
  knife_proxy.cpp
  parser.cpp
  skins.cpp
  dlight.cpp
  esp_bomb.cpp
  ambient_light.cpp
  night_mode.cpp
  esp_player.cpp
  esp_sound.cpp
  esp_world.cpp
  glow.cpp
  engine_prediction.cpp
  events.cpp
  hitmarker.cpp
  misc.cpp
  nade_pred.cpp
  triggerbot.cpp
  Code wird generiert...
  Kompilieren...
  hooks.cpp
  config.cpp
  imgui_impl_dx9.cpp
  imgui.cpp
  imgui_draw.cpp
  menu.cpp
  interfaces.cpp
  math.cpp
  console.cpp
  csgo.cpp
  netvars.cpp
  renderer.cpp
  utilities.cpp
  main.cpp
  vector3d.cpp
  view_matrix.cpp
  Code wird generiert...
  buffer.c
  hde32.c
  hde64.c
  hook.c
  trampoline.c
  Code wird generiert...
  LINK : /LTCG wurde angegeben, es ist jedoch keine Codegenerierung erforderlich. Entfernen Sie /LTCG aus der Linkbefehlszeile, um die Linkerleistung zu erhöhen.
  csgo-cheat.vcxproj -> C:\Users\cho-b\Desktop\csgo-cheat-pasted-by-choZen\.\output\debug\cheat.dll
